# JRE version: OpenJDK Runtime Environment (8.0_152-b01) (build 1.8.0_152-release-1248-b01)
# Java VM: OpenJDK 64-Bit Server VM (25.152-b01 mixed mode windows-amd64 compressed oops)
Heap:
 PSYoungGen      total 501760K, used 198132K [0x00000000e0000000, 0x0000000100000000, 0x0000000100000000)
  eden space 478720K, 41% used [0x00000000e0000000,0x00000000ec17d090,0x00000000fd380000)
  from space 23040K, 0% used [0x00000000fe980000,0x00000000fe980000,0x0000000100000000)
  to   space 22528K, 0% used [0x00000000fd380000,0x00000000fd380000,0x00000000fe980000)
 ParOldGen       total 214016K, used 52578K [0x00000000a0000000, 0x00000000ad100000, 0x00000000e0000000)
  object space 214016K, 24% used [0x00000000a0000000,0x00000000a33588f0,0x00000000ad100000)
 Metaspace       used 112603K, capacity 117484K, committed 120832K, reserved 1155072K
  class space    used 13638K, capacity 14676K, committed 15360K, reserved 1048576K
GC Heap History (10 events):
Event: 6655.674 GC heap before
{Heap before GC invocations=87 (full 6):
 PSYoungGen      total 499712K, used 485976K [0x00000000e0000000, 0x00000000fff00000, 0x0000000100000000)
  eden space 476160K, 99% used [0x00000000e0000000,0x00000000fd0d0a18,0x00000000fd100000)
  from space 23552K, 42% used [0x00000000fe800000,0x00000000ff1c5688,0x00000000fff00000)
  to   space 23552K, 0% used [0x00000000fd100000,0x00000000fd100000,0x00000000fe800000)
 ParOldGen       total 214016K, used 93837K [0x00000000a0000000, 0x00000000ad100000, 0x00000000e0000000)
  object space 214016K, 43% used [0x00000000a0000000,0x00000000a5ba3768,0x00000000ad100000)
 Metaspace       used 112668K, capacity 118178K, committed 119680K, reserved 1153024K
  class space    used 13733K, capacity 14882K, committed 15232K, reserved 1048576K
Event: 6655.678 GC heap after
Heap after GC invocations=87 (full 6):
 PSYoungGen      total 499712K, used 3817K [0x00000000e0000000, 0x00000000ffe00000, 0x0000000100000000)
  eden space 476160K, 0% used [0x00000000e0000000,0x00000000e0000000,0x00000000fd100000)
  from space 23552K, 16% used [0x00000000fd100000,0x00000000fd4ba550,0x00000000fe800000)
  to   space 22528K, 0% used [0x00000000fe800000,0x00000000fe800000,0x00000000ffe00000)
 ParOldGen       total 214016K, used 93845K [0x00000000a0000000, 0x00000000ad100000, 0x00000000e0000000)
  object space 214016K, 43% used [0x00000000a0000000,0x00000000a5ba5768,0x00000000ad100000)
 Metaspace       used 112668K, capacity 118178K, committed 119680K, reserved 1153024K
  class space    used 13733K, capacity 14882K, committed 15232K, reserved 1048576K
}
Event: 7311.701 GC heap before
{Heap before GC invocations=88 (full 6):
 PSYoungGen      total 499712K, used 479977K [0x00000000e0000000, 0x00000000ffe00000, 0x0000000100000000)
  eden space 476160K, 100% used [0x00000000e0000000,0x00000000fd100000,0x00000000fd100000)
  from space 23552K, 16% used [0x00000000fd100000,0x00000000fd4ba550,0x00000000fe800000)
  to   space 22528K, 0% used [0x00000000fe800000,0x00000000fe800000,0x00000000ffe00000)
 ParOldGen       total 214016K, used 93845K [0x00000000a0000000, 0x00000000ad100000, 0x00000000e0000000)
  object space 214016K, 43% used [0x00000000a0000000,0x00000000a5ba5768,0x00000000ad100000)
 Metaspace       used 113347K, capacity 118968K, committed 119936K, reserved 1155072K
  class space    used 13848K, capacity 15021K, committed 15232K, reserved 1048576K
Event: 7311.710 GC heap after
Heap after GC invocations=88 (full 6):
 PSYoungGen      total 500224K, used 2670K [0x00000000e0000000, 0x00000000ffe00000, 0x0000000100000000)
  eden space 477696K, 0% used [0x00000000e0000000,0x00000000e0000000,0x00000000fd280000)
  from space 22528K, 11% used [0x00000000fe800000,0x00000000fea9b8c8,0x00000000ffe00000)
  to   space 22016K, 0% used [0x00000000fd280000,0x00000000fd280000,0x00000000fe800000)
 ParOldGen       total 214016K, used 94269K [0x00000000a0000000, 0x00000000ad100000, 0x00000000e0000000)
  object space 214016K, 44% used [0x00000000a0000000,0x00000000a5c0f7f8,0x00000000ad100000)
 Metaspace       used 113347K, capacity 118968K, committed 119936K, reserved 1155072K
  class space    used 13848K, capacity 15021K, committed 15232K, reserved 1048576K
}
Event: 7844.941 GC heap before
{Heap before GC invocations=89 (full 6):
 PSYoungGen      total 500224K, used 480366K [0x00000000e0000000, 0x00000000ffe00000, 0x0000000100000000)
  eden space 477696K, 100% used [0x00000000e0000000,0x00000000fd280000,0x00000000fd280000)
  from space 22528K, 11% used [0x00000000fe800000,0x00000000fea9b8c8,0x00000000ffe00000)
  to   space 22016K, 0% used [0x00000000fd280000,0x00000000fd280000,0x00000000fe800000)
 ParOldGen       total 214016K, used 94269K [0x00000000a0000000, 0x00000000ad100000, 0x00000000e0000000)
  object space 214016K, 44% used [0x00000000a0000000,0x00000000a5c0f7f8,0x00000000ad100000)
 Metaspace       used 113984K, capacity 119706K, committed 120832K, reserved 1155072K
  class space    used 13901K, capacity 15078K, committed 15360K, reserved 1048576K
Event: 7844.960 GC heap after
Heap after GC invocations=89 (full 6):
 PSYoungGen      total 499712K, used 13293K [0x00000000e0000000, 0x0000000100000000, 0x0000000100000000)
  eden space 477696K, 0% used [0x00000000e0000000,0x00000000e0000000,0x00000000fd280000)
  from space 22016K, 60% used [0x00000000fd280000,0x00000000fdf7b700,0x00000000fe800000)
  to   space 23040K, 0% used [0x00000000fe980000,0x00000000fe980000,0x0000000100000000)
 ParOldGen       total 214016K, used 94277K [0x00000000a0000000, 0x00000000ad100000, 0x00000000e0000000)
  object space 214016K, 44% used [0x00000000a0000000,0x00000000a5c117f8,0x00000000ad100000)
 Metaspace       used 113984K, capacity 119706K, committed 120832K, reserved 1155072K
  class space    used 13901K, capacity 15078K, committed 15360K, reserved 1048576K
}
Event: 10174.298 GC heap before
{Heap before GC invocations=90 (full 6):
 PSYoungGen      total 499712K, used 447355K [0x00000000e0000000, 0x0000000100000000, 0x0000000100000000)
  eden space 477696K, 90% used [0x00000000e0000000,0x00000000fa7e3758,0x00000000fd280000)
  from space 22016K, 60% used [0x00000000fd280000,0x00000000fdf7b700,0x00000000fe800000)
  to   space 23040K, 0% used [0x00000000fe980000,0x00000000fe980000,0x0000000100000000)
 ParOldGen       total 214016K, used 94277K [0x00000000a0000000, 0x00000000ad100000, 0x00000000e0000000)
  object space 214016K, 44% used [0x00000000a0000000,0x00000000a5c117f8,0x00000000ad100000)
 Metaspace       used 114117K, capacity 119862K, committed 120832K, reserved 1155072K
  class space    used 13911K, capacity 15094K, committed 15360K, reserved 1048576K
Event: 10174.357 GC heap after
Heap after GC invocations=90 (full 6):
 PSYoungGen      total 501760K, used 10186K [0x00000000e0000000, 0x0000000100000000, 0x0000000100000000)
  eden space 478720K, 0% used [0x00000000e0000000,0x00000000e0000000,0x00000000fd380000)
  from space 23040K, 44% used [0x00000000fe980000,0x00000000ff372b80,0x0000000100000000)
  to   space 22528K, 0% used [0x00000000fd380000,0x00000000fd380000,0x00000000fe980000)
 ParOldGen       total 214016K, used 94285K [0x00000000a0000000, 0x00000000ad100000, 0x00000000e0000000)
  object space 214016K, 44% used [0x00000000a0000000,0x00000000a5c137f8,0x00000000ad100000)
 Metaspace       used 114117K, capacity 119862K, committed 120832K, reserved 1155072K
  class space    used 13911K, capacity 15094K, committed 15360K, reserved 1048576K
}
Event: 10174.357 GC heap before
{Heap before GC invocations=91 (full 7):
 PSYoungGen      total 501760K, used 10186K [0x00000000e0000000, 0x0000000100000000, 0x0000000100000000)
  eden space 478720K, 0% used [0x00000000e0000000,0x00000000e0000000,0x00000000fd380000)
  from space 23040K, 44% used [0x00000000fe980000,0x00000000ff372b80,0x0000000100000000)
  to   space 22528K, 0% used [0x00000000fd380000,0x00000000fd380000,0x00000000fe980000)
 ParOldGen       total 214016K, used 94285K [0x00000000a0000000, 0x00000000ad100000, 0x00000000e0000000)
  object space 214016K, 44% used [0x00000000a0000000,0x00000000a5c137f8,0x00000000ad100000)
 Metaspace       used 114117K, capacity 119862K, committed 120832K, reserved 1155072K
  class space    used 13911K, capacity 15094K, committed 15360K, reserved 1048576K
Event: 10175.042 GC heap after
Heap after GC invocations=91 (full 7):
 PSYoungGen      total 501760K, used 0K [0x00000000e0000000, 0x0000000100000000, 0x0000000100000000)
  eden space 478720K, 0% used [0x00000000e0000000,0x00000000e0000000,0x00000000fd380000)
  from space 23040K, 0% used [0x00000000fe980000,0x00000000fe980000,0x0000000100000000)
  to   space 22528K, 0% used [0x00000000fd380000,0x00000000fd380000,0x00000000fe980000)
 ParOldGen       total 214016K, used 52578K [0x00000000a0000000, 0x00000000ad100000, 0x00000000e0000000)
  object space 214016K, 24% used [0x00000000a0000000,0x00000000a33588f0,0x00000000ad100000)
 Metaspace       used 112112K, capacity 116902K, committed 120832K, reserved 1155072K
  class space    used 13579K, capacity 14595K, committed 15360K, reserved 1048576K
}

